<?xml version="1.0" encoding="UTF-8"?>
<testsuite xmlns:xsi="http://www.w3.org/2001/XMLSchema-instance" xsi:noNamespaceSchemaLocation="https://maven.apache.org/surefire/maven-surefire-plugin/xsd/surefire-test-report-3.0.xsd" version="3.0" name="edu.rit.croatia.schema2script.model.JsonParserTest" time="0.829" tests="6" errors="0" skipped="0" failures="0">
  <properties>
[...]
</properties>
  <testcase name="testParseColumns_MissingColumnsArray_ThrowsException" classname="edu.rit.croatia.schema2script.model.JsonParserTest" time="0.811">
    <system-out><![CDATA[2024-11-20 16:23:07 [main] ERROR model.parser.JsonParser - Invalid JSON format: Missing or malformed 'columns' array in table: missing_columns_table
]]></system-out>
  </testcase>
  <testcase name="testParseRelationships_EmptyArray_NoException" classname="edu.rit.croatia.schema2script.model.JsonParserTest" time="0.001">
    <system-out><![CDATA[2024-11-20 16:23:07 [main] DEBUG model.parser.JsonParser - Table order has 0 relationships.
]]></system-out>
  </testcase>
  <testcase name="testParseRelationships_MissingRequiredFields_ThrowsException" classname="edu.rit.croatia.schema2script.model.JsonParserTest" time="0.007">
    <system-out><![CDATA[2024-11-20 16:23:07 [main] DEBUG model.parser.JsonParser - Table order has 1 relationships.
2024-11-20 16:23:07 [main] ERROR model.parser.JsonParser - Invalid JSON format: Missing required fields in relationships of table: order
]]></system-out>
  </testcase>
  <testcase name="testParseColumns_MalformedColumnsArray_ThrowsException" classname="edu.rit.croatia.schema2script.model.JsonParserTest" time="0.001">
    <system-out><![CDATA[2024-11-20 16:23:07 [main] ERROR model.parser.JsonParser - Invalid JSON format: Missing or malformed 'columns' array in table: malformed_columns_table
]]></system-out>
  </testcase>
  <testcase name="testParseRelationships_ValidData" classname="edu.rit.croatia.schema2script.model.JsonParserTest" time="0.001">
    <system-out><![CDATA[2024-11-20 16:23:07 [main] DEBUG model.parser.JsonParser - Table order has 1 relationships.
2024-11-20 16:23:07 [main] DEBUG model.parser.JsonParser - Added relationship: one-to-many with table: customer and foreignKey: customer_id to table: order
]]></system-out>
  </testcase>
  <testcase name="testParseColumns_ValidData" classname="edu.rit.croatia.schema2script.model.JsonParserTest" time="0.002">
    <system-out><![CDATA[2024-11-20 16:23:07 [main] DEBUG model.parser.JsonParser - Table valid_table has 2 columns.
2024-11-20 16:23:07 [main] DEBUG model.parser.JsonParser - Added column: id of type: int to table: valid_table
2024-11-20 16:23:07 [main] DEBUG model.parser.JsonParser - Added column: name of type: string to table: valid_table
]]></system-out>
  </testcase>
</testsuite>